[INFO][article.go:123]2020/06/16 09:57:21 [title 标题不能为空]
[INFO][auth.go:48]2020/06/16 10:39:23 [Username.Required. Can not be empty]
[INFO][auth.go:48]2020/06/16 10:39:23 [Password.Required. Can not be empty]
[INFO][auth.go:48]2020/06/16 10:39:47 [Username.Required. Can not be empty]
[INFO][auth.go:48]2020/06/16 10:39:47 [Password.Required. Can not be empty]
[INFO][auth.go:48]2020/06/16 10:40:03 [Username.Required. Can not be empty]
[INFO][auth.go:48]2020/06/16 10:40:03 [Password.Required. Can not be empty]
[INFO][auth.go:48]2020/06/16 10:40:22 [Username.Required. Can not be empty]
[INFO][auth.go:48]2020/06/16 10:40:22 [Password.Required. Can not be empty]
[INFO][auth.go:48]2020/06/16 10:40:38 [Username.Required. Can not be empty]
[INFO][auth.go:48]2020/06/16 10:40:38 [Password.Required. Can not be empty]
[INFO][auth.go:48]2020/06/16 10:46:46 [Username.Required. Can not be empty]
[INFO][auth.go:48]2020/06/16 10:46:46 [Password.Required. Can not be empty]
[INFO][auth.go:48]2020/06/16 10:49:14 [Username.Required. Can not be empty]
[INFO][auth.go:48]2020/06/16 10:49:14 [Password.Required. Can not be empty]
[INFO][auth.go:48]2020/06/16 10:51:09 [Username.Required. Can not be empty]
[INFO][auth.go:48]2020/06/16 10:51:09 [Password.Required. Can not be empty]
[INFO][auth.go:48]2020/06/16 10:53:00 [Username.Required. Can not be empty]
[INFO][auth.go:48]2020/06/16 10:53:00 [Password.Required. Can not be empty]
[INFO][auth.go:48]2020/06/16 10:53:22 [Username.Required. Can not be empty]
[INFO][auth.go:48]2020/06/16 10:53:22 [Password.Required. Can not be empty]
[INFO][auth.go:48]2020/06/16 10:54:22 [Username.Required. Can not be empty]
[INFO][auth.go:48]2020/06/16 10:54:22 [Password.Required. Can not be empty]
[INFO][auth.go:48]2020/06/16 10:54:23 [Username.Required. Can not be empty]
[INFO][auth.go:48]2020/06/16 10:54:23 [Password.Required. Can not be empty]
[INFO][auth.go:48]2020/06/16 10:54:24 [Username.Required. Can not be empty]
[INFO][auth.go:48]2020/06/16 10:54:24 [Password.Required. Can not be empty]
[INFO][auth.go:48]2020/06/16 10:54:25 [Username.Required. Can not be empty]
[INFO][auth.go:48]2020/06/16 10:54:25 [Password.Required. Can not be empty]
[INFO][auth.go:48]2020/06/16 10:54:25 [Username.Required. Can not be empty]
[INFO][auth.go:48]2020/06/16 10:54:25 [Password.Required. Can not be empty]
[INFO][auth.go:48]2020/06/16 10:54:25 [Username.Required. Can not be empty]
[INFO][auth.go:48]2020/06/16 10:54:25 [Password.Required. Can not be empty]
[INFO][auth.go:48]2020/06/16 10:54:25 [Username.Required. Can not be empty]
[INFO][auth.go:48]2020/06/16 10:54:25 [Password.Required. Can not be empty]
[INFO][auth.go:50]2020/06/16 10:54:53 [Username.Required. Can not be empty]
[INFO][auth.go:50]2020/06/16 10:54:53 [Password.Required. Can not be empty]
[INFO][auth.go:50]2020/06/16 10:54:54 [Username.Required. Can not be empty]
[INFO][auth.go:50]2020/06/16 10:54:54 [Password.Required. Can not be empty]
[INFO][auth.go:50]2020/06/16 10:54:54 [Username.Required. Can not be empty]
[INFO][auth.go:50]2020/06/16 10:54:54 [Password.Required. Can not be empty]
[INFO][auth.go:50]2020/06/16 10:54:55 [Username.Required. Can not be empty]
[INFO][auth.go:50]2020/06/16 10:54:55 [Password.Required. Can not be empty]
[INFO][auth.go:50]2020/06/16 10:54:55 [Username.Required. Can not be empty]
[INFO][auth.go:50]2020/06/16 10:54:55 [Password.Required. Can not be empty]
[INFO][auth.go:50]2020/06/16 10:54:57 [Username.Required. Can not be empty]
[INFO][auth.go:50]2020/06/16 10:54:57 [Password.Required. Can not be empty]
[INFO][auth.go:50]2020/06/16 10:54:58 [Username.Required. Can not be empty]
[INFO][auth.go:50]2020/06/16 10:54:58 [Password.Required. Can not be empty]
[INFO][auth.go:50]2020/06/16 10:54:58 [Username.Required. Can not be empty]
[INFO][auth.go:50]2020/06/16 10:54:58 [Password.Required. Can not be empty]
[INFO][auth.go:50]2020/06/16 10:54:59 [Username.Required. Can not be empty]
[INFO][auth.go:50]2020/06/16 10:54:59 [Password.Required. Can not be empty]
[INFO][auth.go:50]2020/06/16 10:55:00 [Username.Required. Can not be empty]
[INFO][auth.go:50]2020/06/16 10:55:00 [Password.Required. Can not be empty]
[INFO][auth.go:50]2020/06/16 10:55:00 [Username.Required. Can not be empty]
[INFO][auth.go:50]2020/06/16 10:55:00 [Password.Required. Can not be empty]
[INFO][auth.go:50]2020/06/16 10:55:01 [Username.Required. Can not be empty]
[INFO][auth.go:50]2020/06/16 10:55:01 [Password.Required. Can not be empty]
[INFO][auth.go:50]2020/06/16 10:55:01 [Username.Required. Can not be empty]
[INFO][auth.go:50]2020/06/16 10:55:01 [Password.Required. Can not be empty]
[INFO][auth.go:50]2020/06/16 10:55:02 [Username.Required. Can not be empty]
[INFO][auth.go:50]2020/06/16 10:55:02 [Password.Required. Can not be empty]
[INFO][auth.go:50]2020/06/16 10:55:02 [Username.Required. Can not be empty]
[INFO][auth.go:50]2020/06/16 10:55:02 [Password.Required. Can not be empty]
[INFO][auth.go:50]2020/06/16 10:55:20 [Username.Required. Can not be empty]
[INFO][auth.go:50]2020/06/16 10:55:20 [Password.Required. Can not be empty]
[INFO][auth.go:50]2020/06/16 10:55:58 [Username.Required. Can not be empty]
[INFO][auth.go:50]2020/06/16 10:55:58 [Password.Required. Can not be empty]
[INFO][auth.go:50]2020/06/16 10:59:55 [Username.Required. Can not be empty]
[INFO][auth.go:50]2020/06/16 10:59:55 [Password.Required. Can not be empty]
[INFO][auth.go:50]2020/06/16 10:59:56 [Username.Required. Can not be empty]
[INFO][auth.go:50]2020/06/16 10:59:56 [Password.Required. Can not be empty]
[INFO][auth.go:50]2020/06/16 11:00:03 [Username.Required. Can not be empty]
[INFO][auth.go:50]2020/06/16 11:00:03 [Password.Required. Can not be empty]
[INFO][auth.go:50]2020/06/16 11:00:20 [Username.Required. Can not be empty]
[INFO][auth.go:50]2020/06/16 11:00:20 [Password.Required. Can not be empty]
[INFO][auth.go:50]2020/06/16 11:00:55 [Username.Required. Can not be empty]
[INFO][auth.go:50]2020/06/16 11:00:55 [Password.Required. Can not be empty]
[INFO][auth.go:50]2020/06/16 11:00:57 [Username.Required. Can not be empty]
[INFO][auth.go:50]2020/06/16 11:00:57 [Password.Required. Can not be empty]
[INFO][auth.go:50]2020/06/16 11:00:58 [Username.Required. Can not be empty]
[INFO][auth.go:50]2020/06/16 11:00:58 [Password.Required. Can not be empty]
[INFO][auth.go:50]2020/06/16 11:02:31 [Username.Required. Can not be empty]
[INFO][auth.go:50]2020/06/16 11:02:31 [Password.Required. Can not be empty]
[INFO][auth.go:50]2020/06/16 11:02:37 [Username.Required. Can not be empty]
[INFO][auth.go:50]2020/06/16 11:02:37 [Password.Required. Can not be empty]
[INFO][auth.go:50]2020/06/16 11:04:28 [Username.Required. Can not be empty]
[INFO][auth.go:50]2020/06/16 11:04:28 [Password.Required. Can not be empty]
[INFO][auth.go:50]2020/06/16 11:04:29 [Username.Required. Can not be empty]
[INFO][auth.go:50]2020/06/16 11:04:29 [Password.Required. Can not be empty]
[INFO][auth.go:50]2020/06/16 11:04:29 [Username.Required. Can not be empty]
[INFO][auth.go:50]2020/06/16 11:04:29 [Password.Required. Can not be empty]
[INFO][auth.go:50]2020/06/16 11:04:42 [Username.Required. Can not be empty]
[INFO][auth.go:50]2020/06/16 11:04:42 [Password.Required. Can not be empty]
[INFO][auth.go:50]2020/06/16 11:04:42 [Username.Required. Can not be empty]
[INFO][auth.go:50]2020/06/16 11:04:42 [Password.Required. Can not be empty]
[INFO][auth.go:50]2020/06/16 11:04:42 [Username.Required. Can not be empty]
[INFO][auth.go:50]2020/06/16 11:04:42 [Password.Required. Can not be empty]
[INFO][auth.go:50]2020/06/16 11:04:42 [Username.Required. Can not be empty]
[INFO][auth.go:50]2020/06/16 11:04:42 [Password.Required. Can not be empty]
[INFO][auth.go:50]2020/06/16 11:04:43 [Username.Required. Can not be empty]
[INFO][auth.go:50]2020/06/16 11:04:43 [Password.Required. Can not be empty]
[INFO][auth.go:50]2020/06/16 11:04:43 [Username.Required. Can not be empty]
[INFO][auth.go:50]2020/06/16 11:04:43 [Password.Required. Can not be empty]
[INFO][auth.go:50]2020/06/16 11:04:43 [Username.Required. Can not be empty]
[INFO][auth.go:50]2020/06/16 11:04:43 [Password.Required. Can not be empty]
[INFO][auth.go:50]2020/06/16 11:04:43 [Username.Required. Can not be empty]
[INFO][auth.go:50]2020/06/16 11:04:43 [Password.Required. Can not be empty]
[INFO][auth.go:50]2020/06/16 11:04:43 [Username.Required. Can not be empty]
[INFO][auth.go:50]2020/06/16 11:04:43 [Password.Required. Can not be empty]
[INFO][auth.go:50]2020/06/16 11:04:44 [Username.Required. Can not be empty]
[INFO][auth.go:50]2020/06/16 11:04:44 [Password.Required. Can not be empty]
[INFO][auth.go:50]2020/06/16 11:04:44 [Username.Required. Can not be empty]
[INFO][auth.go:50]2020/06/16 11:04:44 [Password.Required. Can not be empty]
[INFO][auth.go:50]2020/06/16 11:04:58 [Username.Required. Can not be empty]
[INFO][auth.go:50]2020/06/16 11:04:58 [Password.Required. Can not be empty]
[INFO][auth.go:50]2020/06/16 11:04:58 [Username.Required. Can not be empty]
[INFO][auth.go:50]2020/06/16 11:04:58 [Password.Required. Can not be empty]
[INFO][auth.go:50]2020/06/16 11:04:58 [Username.Required. Can not be empty]
[INFO][auth.go:50]2020/06/16 11:04:58 [Password.Required. Can not be empty]
[INFO][auth.go:50]2020/06/16 11:04:58 [Username.Required. Can not be empty]
[INFO][auth.go:50]2020/06/16 11:04:58 [Password.Required. Can not be empty]
[INFO][auth.go:50]2020/06/16 11:04:58 [Username.Required. Can not be empty]
[INFO][auth.go:50]2020/06/16 11:04:58 [Password.Required. Can not be empty]
[INFO][auth.go:50]2020/06/16 11:04:59 [Username.Required. Can not be empty]
[INFO][auth.go:50]2020/06/16 11:04:59 [Password.Required. Can not be empty]
[INFO][auth.go:50]2020/06/16 11:04:59 [Username.Required. Can not be empty]
[INFO][auth.go:50]2020/06/16 11:04:59 [Password.Required. Can not be empty]
[INFO][auth.go:49]2020/06/16 11:06:42 [Username.Required. Can not be empty]
[INFO][auth.go:49]2020/06/16 11:06:42 [Password.Required. Can not be empty]
[INFO][auth.go:49]2020/06/16 11:06:44 [Username.Required. Can not be empty]
[INFO][auth.go:49]2020/06/16 11:06:44 [Password.Required. Can not be empty]
[INFO][auth.go:49]2020/06/16 11:06:44 [Username.Required. Can not be empty]
[INFO][auth.go:49]2020/06/16 11:06:44 [Password.Required. Can not be empty]
[INFO][auth.go:49]2020/06/16 11:06:44 [Username.Required. Can not be empty]
[INFO][auth.go:49]2020/06/16 11:06:44 [Password.Required. Can not be empty]
[INFO][auth.go:49]2020/06/16 11:06:44 [Username.Required. Can not be empty]
[INFO][auth.go:49]2020/06/16 11:06:44 [Password.Required. Can not be empty]
[INFO][auth.go:49]2020/06/16 11:06:45 [Username.Required. Can not be empty]
[INFO][auth.go:49]2020/06/16 11:06:45 [Password.Required. Can not be empty]
[INFO][auth.go:49]2020/06/16 11:06:45 [Username.Required. Can not be empty]
[INFO][auth.go:49]2020/06/16 11:06:45 [Password.Required. Can not be empty]
[INFO][auth.go:49]2020/06/16 11:06:45 [Username.Required. Can not be empty]
[INFO][auth.go:49]2020/06/16 11:06:45 [Password.Required. Can not be empty]
[INFO][auth.go:49]2020/06/16 11:07:33 [Username.Required. Can not be empty]
[INFO][auth.go:49]2020/06/16 11:07:33 [Password.Required. Can not be empty]
[INFO][auth.go:49]2020/06/16 11:07:33 [Username.Required. Can not be empty]
[INFO][auth.go:49]2020/06/16 11:07:33 [Password.Required. Can not be empty]
[INFO][auth.go:49]2020/06/16 11:07:33 [Username.Required. Can not be empty]
[INFO][auth.go:49]2020/06/16 11:07:33 [Password.Required. Can not be empty]
[INFO][auth.go:49]2020/06/16 11:07:47 [Username.Required. Can not be empty]
[INFO][auth.go:49]2020/06/16 11:07:47 [Password.Required. Can not be empty]
[INFO][auth.go:49]2020/06/16 11:07:47 [Username.Required. Can not be empty]
[INFO][auth.go:49]2020/06/16 11:07:47 [Password.Required. Can not be empty]
[INFO][auth.go:49]2020/06/16 11:07:47 [Username.Required. Can not be empty]
[INFO][auth.go:49]2020/06/16 11:07:47 [Password.Required. Can not be empty]
[INFO][auth.go:49]2020/06/16 11:07:47 [Username.Required. Can not be empty]
[INFO][auth.go:49]2020/06/16 11:07:47 [Password.Required. Can not be empty]
[INFO][auth.go:49]2020/06/16 11:07:48 [Username.Required. Can not be empty]
[INFO][auth.go:49]2020/06/16 11:07:48 [Password.Required. Can not be empty]
[INFO][auth.go:49]2020/06/16 11:07:48 [Username.Required. Can not be empty]
[INFO][auth.go:49]2020/06/16 11:07:48 [Password.Required. Can not be empty]
[INFO][auth.go:49]2020/06/16 11:07:48 [Username.Required. Can not be empty]
[INFO][auth.go:49]2020/06/16 11:07:48 [Password.Required. Can not be empty]
[INFO][auth.go:49]2020/06/16 11:07:51 [Username.Required. Can not be empty]
[INFO][auth.go:49]2020/06/16 11:07:51 [Password.Required. Can not be empty]
[INFO][auth.go:49]2020/06/16 11:08:54 [Username.Required. Can not be empty]
[INFO][auth.go:49]2020/06/16 11:08:54 [Password.Required. Can not be empty]
[INFO][auth.go:49]2020/06/16 11:09:17 [Username.Required. Can not be empty]
[INFO][auth.go:49]2020/06/16 11:09:17 [Password.Required. Can not be empty]
[INFO][auth.go:49]2020/06/16 11:09:23 [Username.Required. Can not be empty]
[INFO][auth.go:49]2020/06/16 11:09:23 [Password.Required. Can not be empty]
[INFO][auth.go:49]2020/06/16 11:10:08 [Username.Required. Can not be empty]
[INFO][auth.go:49]2020/06/16 11:10:08 [Password.Required. Can not be empty]
[INFO][auth.go:49]2020/06/16 11:10:26 [Username.Required. Can not be empty]
[INFO][auth.go:49]2020/06/16 11:10:26 [Password.Required. Can not be empty]
[INFO][auth.go:49]2020/06/16 11:11:05 [Username.Required. Can not be empty]
[INFO][auth.go:49]2020/06/16 11:11:05 [Password.Required. Can not be empty]
[INFO][auth.go:49]2020/06/16 11:11:11 [Username.Required. Can not be empty]
[INFO][auth.go:49]2020/06/16 11:11:11 [Password.Required. Can not be empty]
[INFO][auth.go:49]2020/06/16 11:11:11 [Username.Required. Can not be empty]
[INFO][auth.go:49]2020/06/16 11:11:11 [Password.Required. Can not be empty]
[INFO][auth.go:49]2020/06/16 11:11:11 [Username.Required. Can not be empty]
[INFO][auth.go:49]2020/06/16 11:11:11 [Password.Required. Can not be empty]
[INFO][auth.go:49]2020/06/16 11:11:12 [Username.Required. Can not be empty]
[INFO][auth.go:49]2020/06/16 11:11:12 [Password.Required. Can not be empty]
[INFO][auth.go:49]2020/06/16 11:11:13 [Username.Required. Can not be empty]
[INFO][auth.go:49]2020/06/16 11:11:13 [Password.Required. Can not be empty]
[INFO][auth.go:49]2020/06/16 11:11:13 [Username.Required. Can not be empty]
[INFO][auth.go:49]2020/06/16 11:11:13 [Password.Required. Can not be empty]
[INFO][auth.go:49]2020/06/16 11:13:33 [Username.Required. Can not be empty]
[INFO][auth.go:49]2020/06/16 11:13:33 [Password.Required. Can not be empty]
[INFO][auth.go:49]2020/06/16 11:13:45 [Username.Required. Can not be empty]
[INFO][auth.go:49]2020/06/16 11:13:45 [Password.Required. Can not be empty]
[INFO][auth.go:49]2020/06/16 11:14:55 [Username.Required. Can not be empty]
[INFO][auth.go:49]2020/06/16 11:14:55 [Password.Required. Can not be empty]
[INFO][auth.go:49]2020/06/16 11:18:32 [Username.Required. Can not be empty]
[INFO][auth.go:49]2020/06/16 11:18:32 [Password.Required. Can not be empty]
[INFO][auth.go:49]2020/06/16 11:18:40 [Username.Required. Can not be empty]
[INFO][auth.go:49]2020/06/16 11:18:40 [Password.Required. Can not be empty]
[INFO][auth.go:49]2020/06/16 11:18:40 [Username.Required. Can not be empty]
[INFO][auth.go:49]2020/06/16 11:18:40 [Password.Required. Can not be empty]
[INFO][auth.go:49]2020/06/16 11:19:07 [Username.Required. Can not be empty]
[INFO][auth.go:49]2020/06/16 11:19:07 [Password.Required. Can not be empty]
[INFO][auth.go:49]2020/06/16 11:20:45 [Username.Required. Can not be empty]
[INFO][auth.go:49]2020/06/16 11:20:45 [Password.Required. Can not be empty]
[INFO][auth.go:49]2020/06/16 11:20:50 [Username.Required. Can not be empty]
[INFO][auth.go:49]2020/06/16 11:20:50 [Password.Required. Can not be empty]
[INFO][auth.go:49]2020/06/16 11:21:05 [Username.Required. Can not be empty]
[INFO][auth.go:49]2020/06/16 11:21:05 [Password.Required. Can not be empty]
[INFO][auth.go:48]2020/06/16 11:23:10 [Username.Required. Can not be empty]
[INFO][auth.go:48]2020/06/16 11:23:10 [Password.Required. Can not be empty]
[INFO][auth.go:48]2020/06/16 11:23:14 [Username.Required. Can not be empty]
[INFO][auth.go:48]2020/06/16 11:23:14 [Password.Required. Can not be empty]
[INFO][auth.go:48]2020/06/16 11:23:15 [Username.Required. Can not be empty]
[INFO][auth.go:48]2020/06/16 11:23:15 [Password.Required. Can not be empty]
[INFO][auth.go:48]2020/06/16 11:23:15 [Username.Required. Can not be empty]
[INFO][auth.go:48]2020/06/16 11:23:15 [Password.Required. Can not be empty]
[INFO][auth.go:48]2020/06/16 11:23:15 [Username.Required. Can not be empty]
[INFO][auth.go:48]2020/06/16 11:23:15 [Password.Required. Can not be empty]
[INFO][auth.go:48]2020/06/16 11:23:15 [Username.Required. Can not be empty]
[INFO][auth.go:48]2020/06/16 11:23:15 [Password.Required. Can not be empty]
[INFO][auth.go:48]2020/06/16 11:24:40 [Username.Required. Can not be empty]
[INFO][auth.go:48]2020/06/16 11:24:40 [Password.Required. Can not be empty]
[INFO][auth.go:48]2020/06/16 11:24:41 [Username.Required. Can not be empty]
[INFO][auth.go:48]2020/06/16 11:24:41 [Password.Required. Can not be empty]
[INFO][auth.go:48]2020/06/16 11:25:11 [Username.Required. Can not be empty]
[INFO][auth.go:48]2020/06/16 11:25:11 [Password.Required. Can not be empty]
[INFO][auth.go:48]2020/06/16 11:25:11 [Username.Required. Can not be empty]
[INFO][auth.go:48]2020/06/16 11:25:11 [Password.Required. Can not be empty]
[INFO][auth.go:48]2020/06/16 11:25:12 [Username.Required. Can not be empty]
[INFO][auth.go:48]2020/06/16 11:25:12 [Password.Required. Can not be empty]
[INFO][auth.go:48]2020/06/16 11:25:40 [Username.Required. Can not be empty]
[INFO][auth.go:48]2020/06/16 11:25:40 [Password.Required. Can not be empty]
[INFO][auth.go:48]2020/06/16 11:25:43 [Username.Required. Can not be empty]
[INFO][auth.go:48]2020/06/16 11:25:43 [Password.Required. Can not be empty]
[INFO][auth.go:48]2020/06/16 11:25:45 [Username.Required. Can not be empty]
[INFO][auth.go:48]2020/06/16 11:25:45 [Password.Required. Can not be empty]
[INFO][auth.go:48]2020/06/16 11:32:27 [Username.Required. Can not be empty]
[INFO][auth.go:48]2020/06/16 11:32:27 [Password.Required. Can not be empty]
[INFO][auth.go:48]2020/06/16 11:33:50 [Username.Required. Can not be empty]
[INFO][auth.go:48]2020/06/16 11:33:50 [Password.Required. Can not be empty]
[INFO][auth.go:53]2020/06/16 11:41:57 [Username.Required. Can not be empty]
[INFO][auth.go:53]2020/06/16 11:41:57 [Password.Required. Can not be empty]
[INFO][auth.go:53]2020/06/16 11:42:09 [Username.Required. Can not be empty]
[INFO][auth.go:53]2020/06/16 11:42:09 [Password.Required. Can not be empty]
[INFO][auth.go:53]2020/06/16 11:47:10 [Username.Required. Can not be empty]
[INFO][auth.go:53]2020/06/16 11:47:10 [Password.Required. Can not be empty]
[INFO][auth.go:53]2020/06/16 11:47:12 [Username.Required. Can not be empty]
[INFO][auth.go:53]2020/06/16 11:47:12 [Password.Required. Can not be empty]
[INFO][auth.go:53]2020/06/16 11:47:18 [Username.Required. Can not be empty]
[INFO][auth.go:53]2020/06/16 11:47:18 [Password.Required. Can not be empty]
[INFO][auth.go:53]2020/06/16 11:47:58 [Username.Required. Can not be empty]
[INFO][auth.go:53]2020/06/16 11:47:58 [Password.Required. Can not be empty]
[INFO][auth.go:53]2020/06/16 11:48:03 [Username.Required. Can not be empty]
[INFO][auth.go:53]2020/06/16 11:48:03 [Password.Required. Can not be empty]
[INFO][auth.go:53]2020/06/16 11:48:13 [Username.Required. Can not be empty]
[INFO][auth.go:53]2020/06/16 11:48:13 [Password.Required. Can not be empty]
[INFO][auth.go:53]2020/06/16 11:48:14 [Username.Required. Can not be empty]
[INFO][auth.go:53]2020/06/16 11:48:14 [Password.Required. Can not be empty]
[INFO][auth.go:53]2020/06/16 11:48:44 [Username.Required. Can not be empty]
[INFO][auth.go:53]2020/06/16 11:48:44 [Password.Required. Can not be empty]
[INFO][auth.go:53]2020/06/16 11:48:45 [Username.Required. Can not be empty]
[INFO][auth.go:53]2020/06/16 11:48:45 [Password.Required. Can not be empty]
[INFO][auth.go:53]2020/06/16 11:48:46 [Username.Required. Can not be empty]
[INFO][auth.go:53]2020/06/16 11:48:46 [Password.Required. Can not be empty]
[INFO][auth.go:53]2020/06/16 11:49:01 [Username.Required. Can not be empty]
[INFO][auth.go:53]2020/06/16 11:49:01 [Password.Required. Can not be empty]
[INFO][auth.go:53]2020/06/16 11:49:02 [Username.Required. Can not be empty]
[INFO][auth.go:53]2020/06/16 11:49:02 [Password.Required. Can not be empty]
[INFO][auth.go:52]2020/06/16 11:49:14 [Username.Required. Can not be empty]
[INFO][auth.go:52]2020/06/16 11:49:14 [Password.Required. Can not be empty]
[INFO][auth.go:52]2020/06/16 11:49:33 [Username.Required. Can not be empty]
[INFO][auth.go:52]2020/06/16 11:49:33 [Password.Required. Can not be empty]
[INFO][auth.go:52]2020/06/16 11:49:34 [Username.Required. Can not be empty]
[INFO][auth.go:52]2020/06/16 11:49:34 [Password.Required. Can not be empty]
[INFO][auth.go:52]2020/06/16 11:49:35 [Username.Required. Can not be empty]
[INFO][auth.go:52]2020/06/16 11:49:35 [Password.Required. Can not be empty]
[INFO][auth.go:52]2020/06/16 11:49:35 [Username.Required. Can not be empty]
[INFO][auth.go:52]2020/06/16 11:49:35 [Password.Required. Can not be empty]
[INFO][auth.go:52]2020/06/16 11:49:35 [Username.Required. Can not be empty]
[INFO][auth.go:52]2020/06/16 11:49:35 [Password.Required. Can not be empty]
[INFO][auth.go:52]2020/06/16 11:49:35 [Username.Required. Can not be empty]
[INFO][auth.go:52]2020/06/16 11:49:35 [Password.Required. Can not be empty]
[INFO][auth.go:52]2020/06/16 11:49:42 [Username.Required. Can not be empty]
[INFO][auth.go:52]2020/06/16 11:49:42 [Password.Required. Can not be empty]
[INFO][auth.go:52]2020/06/16 11:49:43 [Username.Required. Can not be empty]
[INFO][auth.go:52]2020/06/16 11:49:43 [Password.Required. Can not be empty]
[INFO][auth.go:52]2020/06/16 11:53:30 [Username.Required. Can not be empty]
[INFO][auth.go:52]2020/06/16 11:53:30 [Password.Required. Can not be empty]
[INFO][auth.go:52]2020/06/16 11:53:42 [Username.Required. Can not be empty]
[INFO][auth.go:52]2020/06/16 11:53:42 [Password.Required. Can not be empty]
[INFO][auth.go:52]2020/06/16 11:54:07 [Username.Required. Can not be empty]
[INFO][auth.go:52]2020/06/16 11:54:07 [Password.Required. Can not be empty]
[INFO][auth.go:52]2020/06/16 11:54:08 [Username.Required. Can not be empty]
[INFO][auth.go:52]2020/06/16 11:54:08 [Password.Required. Can not be empty]
[INFO][article.go:123]2020/06/16 13:37:37 [tag_id 标签ID必须大于0]
[INFO][article.go:123]2020/06/16 13:37:37 [desc 简述不能为空]
[INFO][article.go:123]2020/06/16 13:38:11 [desc 简述不能为空]
[INFO][article.go:189]2020/06/16 13:43:52 [modified_by 修改人不能为空]
[INFO][article.go:189]2020/06/16 13:44:55 [modified_by 修改人不能为空]
